09:53:35.910 [main] INFO  com.quiz_app.testcases.QuizAppAPITest - Response Body: [
    {
        "subjectName": "Maths"
    },
    {
        "subjectName": "Science"
    }
]
09:53:35.913 [main] INFO  com.quiz_app.testcases.QuizAppAPITest - Response Code: 200
09:53:35.917 [main] INFO  com.quiz_app.testcases.QuizAppAPITest - Response Time: 432
09:53:36.533 [main] INFO  com.quiz_app.testcases.QuizAppAPITest - Key: Content-Type Value: application/json
09:53:36.533 [main] INFO  com.quiz_app.testcases.QuizAppAPITest - Key: Transfer-Encoding Value: chunked
09:53:36.533 [main] INFO  com.quiz_app.testcases.QuizAppAPITest - Key: Date Value: Thu, 21 Dec 2023 04:23:37 GMT
09:53:36.533 [main] INFO  com.quiz_app.testcases.QuizAppAPITest - Key: Keep-Alive Value: timeout=60
09:53:36.533 [main] INFO  com.quiz_app.testcases.QuizAppAPITest - Key: Connection Value: keep-alive
09:53:36.665 [main] INFO  com.quiz_app.testcases.QuizAppAPITest - Response Body: {
    "timestamp": "2023-12-21T04:23:37.897+00:00",
    "status": 404,
    "error": "Not Found",
    "message": "No message available",
    "path": "/quiz/subject/all"
}
09:53:36.665 [main] INFO  com.quiz_app.testcases.QuizAppAPITest - Response Code: 404
09:53:36.665 [main] INFO  com.quiz_app.testcases.QuizAppAPITest - Response Time: 36
09:53:36.736 [main] INFO  com.quiz_app.testcases.QuizAppAPITest - Response Body: [
    {
        "questionId": 2,
        "questionType": "Image",
        "question": "https://imageio.forbes.com/specials-images/imageserve/5d35eacaf1176b0008974b54/0x0.jpg?format=jpg&crop=4560,2565,x790,y784,safe&width=1200",
        "option1": "true",
        "option2": "false",
        "option3": null,
        "option4": null,
        "option5": null,
        "correctOption": "false",
        "explanation": "Distance is a Scalar quantity because we couldn't consider direction",
        "subject": {
            "subjectName": "Maths"
        }
    },
    {
        "questionId": 5,
        "questionType": "Text",
        "question": "Which of the following is an example of application of force?",
        "option1": "when a body at rest starts moving",
        "option2": "when a moving body stops",
        "option3": "when moving body changes its direction",
        "option4": "All of the above",
        "option5": null,
        "correctOption": "when moving body changes its direction",
        "explanation": "Force can be defined as an external effort in the form of push or pull which: (i) Produces or tries to produce motion in a resting body (ii) Stops or tries to stop a moving body (iii) Changes or tries to change the direction of motion of the body",
        "subject": {
            "subjectName": "Maths"
        }
    }
]
09:53:37.043 [main] INFO  com.quiz_app.testcases.QuizAppAPITest - Response Code: 200
09:53:37.043 [main] INFO  com.quiz_app.testcases.QuizAppAPITest - Response Time: 39
09:53:37.044 [main] INFO  com.quiz_app.testcases.QuizAppAPITest - Key: Content-Type Value: application/json
09:53:37.044 [main] INFO  com.quiz_app.testcases.QuizAppAPITest - Key: Transfer-Encoding Value: chunked
09:53:37.044 [main] INFO  com.quiz_app.testcases.QuizAppAPITest - Key: Date Value: Thu, 21 Dec 2023 04:23:37 GMT
09:53:37.044 [main] INFO  com.quiz_app.testcases.QuizAppAPITest - Key: Keep-Alive Value: timeout=60
09:53:37.044 [main] INFO  com.quiz_app.testcases.QuizAppAPITest - Key: Connection Value: keep-alive
09:53:37.149 [main] INFO  com.quiz_app.testcases.QuizAppAPITest - Response Body: Subject Not Found
09:53:37.149 [main] INFO  com.quiz_app.testcases.QuizAppAPITest - Response Code: 404
09:53:37.149 [main] INFO  com.quiz_app.testcases.QuizAppAPITest - Response Time: 22
09:53:46.296 [main] INFO  com.quiz_app.testcases.QuizAppAPITest - Response Body: [
    {
        "subjectName": "Maths"
    },
    {
        "subjectName": "Science"
    }
]
09:53:46.299 [main] INFO  com.quiz_app.testcases.QuizAppAPITest - Response Code: 200
09:53:46.304 [main] INFO  com.quiz_app.testcases.QuizAppAPITest - Response Time: 486
09:53:47.037 [main] INFO  com.quiz_app.testcases.QuizAppAPITest - Key: Content-Type Value: application/json
09:53:47.037 [main] INFO  com.quiz_app.testcases.QuizAppAPITest - Key: Transfer-Encoding Value: chunked
09:53:47.037 [main] INFO  com.quiz_app.testcases.QuizAppAPITest - Key: Date Value: Thu, 21 Dec 2023 04:23:47 GMT
09:53:47.037 [main] INFO  com.quiz_app.testcases.QuizAppAPITest - Key: Keep-Alive Value: timeout=60
09:53:47.038 [main] INFO  com.quiz_app.testcases.QuizAppAPITest - Key: Connection Value: keep-alive
09:53:47.153 [main] INFO  com.quiz_app.testcases.QuizAppAPITest - Response Body: {
    "timestamp": "2023-12-21T04:23:48.392+00:00",
    "status": 404,
    "error": "Not Found",
    "message": "No message available",
    "path": "/quiz/subject/all"
}
09:53:47.153 [main] INFO  com.quiz_app.testcases.QuizAppAPITest - Response Code: 404
09:53:47.153 [main] INFO  com.quiz_app.testcases.QuizAppAPITest - Response Time: 25
09:53:47.220 [main] INFO  com.quiz_app.testcases.QuizAppAPITest - Response Body: [
    {
        "questionId": 2,
        "questionType": "Image",
        "question": "https://imageio.forbes.com/specials-images/imageserve/5d35eacaf1176b0008974b54/0x0.jpg?format=jpg&crop=4560,2565,x790,y784,safe&width=1200",
        "option1": "true",
        "option2": "false",
        "option3": null,
        "option4": null,
        "option5": null,
        "correctOption": "false",
        "explanation": "Distance is a Scalar quantity because we couldn't consider direction",
        "subject": {
            "subjectName": "Maths"
        }
    },
    {
        "questionId": 5,
        "questionType": "Text",
        "question": "Which of the following is an example of application of force?",
        "option1": "when a body at rest starts moving",
        "option2": "when a moving body stops",
        "option3": "when moving body changes its direction",
        "option4": "All of the above",
        "option5": null,
        "correctOption": "when moving body changes its direction",
        "explanation": "Force can be defined as an external effort in the form of push or pull which: (i) Produces or tries to produce motion in a resting body (ii) Stops or tries to stop a moving body (iii) Changes or tries to change the direction of motion of the body",
        "subject": {
            "subjectName": "Maths"
        }
    }
]
09:53:47.559 [main] INFO  com.quiz_app.testcases.QuizAppAPITest - Response Code: 200
09:53:47.559 [main] INFO  com.quiz_app.testcases.QuizAppAPITest - Response Time: 34
09:53:47.559 [main] INFO  com.quiz_app.testcases.QuizAppAPITest - Key: Content-Type Value: application/json
09:53:47.560 [main] INFO  com.quiz_app.testcases.QuizAppAPITest - Key: Transfer-Encoding Value: chunked
09:53:47.560 [main] INFO  com.quiz_app.testcases.QuizAppAPITest - Key: Date Value: Thu, 21 Dec 2023 04:23:48 GMT
09:53:47.560 [main] INFO  com.quiz_app.testcases.QuizAppAPITest - Key: Keep-Alive Value: timeout=60
09:53:47.560 [main] INFO  com.quiz_app.testcases.QuizAppAPITest - Key: Connection Value: keep-alive
09:53:47.677 [main] INFO  com.quiz_app.testcases.QuizAppAPITest - Response Body: Subject Not Found
09:53:47.677 [main] INFO  com.quiz_app.testcases.QuizAppAPITest - Response Code: 404
09:53:47.678 [main] INFO  com.quiz_app.testcases.QuizAppAPITest - Response Time: 25
